***************************************************************
     ______________________   __  ______  
    / __/ __/_  __/ ___/ _ | /  |/  / _ ) 
   / _// _/  / / / /__/ __ |/ /|_/ / _  | 
  /___/_/   /_/  \___/_/ |_/_/  /_/____/   V3.0 Apr17
  
***************************************************************
 
 EFTCAMB feedback level  =  3
 
 EFTCAMB stability flags:
  Mathematical stability =  F
  Physical stability     =  F
  Additional priors      =  F
 
 EFTCAMB model flags:
   EFTflag             =  1
   PureEFTmodel        =  1
 
   Model               =  Standard Pure EFT
   Number of params    =  1
 
   PureEFTmodelGamma4  =  1
 
 Constant function: EFTGamma4
   EFTGamma40          =   -0.000100
 
***************************************************************
 EFTCAMB Return to GR time: 0.0100000000

 EFT functions at RGR time: 
   EFTGamma4V   =    0.1000E-03
***************************************************************
 EFTCAMB: checking stability of the theory

 EFTCAMB: theory stable
***************************************************************
Reion redshift       =  10.958
Integrated opt depth =  0.0900
Om_b h^2             =  0.022600
Om_c h^2             =  0.112000
Om_nu h^2            =  0.010000
Om_Lambda            =  0.704898
Om_K                 =  0.000000
Om_m (1-Om_K-Om_L)   =  0.295102
100 theta (CosmoMC)  =  1.059263
N_eff (total)        =  3.046000
 1 nu, g= 1.0153 m_nu*c^2/k_B/T_nu0=   5526.76 (m_nu=  0.930 eV)
Reion opt depth      =  0.0900
Age of universe/GYr  =  13.524
zstar                =  1089.27
r_s(zstar)/Mpc       =  145.32
100*theta            =  1.059735
DA(zstar)/Gpc        =  13.71267
zdrag                =  1060.16
r_s(zdrag)/Mpc       =  147.91
k_D(zstar) Mpc       =  0.1408
100*theta_D          =  0.162677
z_EQ (if v_nu=1)     =  3216.47
k_EQ Mpc (if v_nu=1) =  0.009873
100*theta_EQ         =  0.868388
100*theta_rs_EQ      =  0.478502
tau_recomb/Mpc       =  282.70  tau_now/Mpc =  13995.2
tau_recomb/Mpc       =  282.79  tau_now/Mpc =  13995.2
at z =  0.000 sigma8 (all matter) =  0.1638
at z =  0.000 sigma8^2_vd/sigma8  =  0.0472
