***************************************************************
     ______________________   __  ______  
    / __/ __/_  __/ ___/ _ | /  |/  / _ ) 
   / _// _/  / / / /__/ __ |/ /|_/ / _  | 
  /___/_/   /_/  \___/_/ |_/_/  /_/____/   V3.0 Sept17
  
***************************************************************
 
 EFTCAMB feedback level  =  3
 
 EFTCAMB stability flags:
  Mathematical stability =  F
  Physical stability     =  T
  Additional priors      =  T
 
 EFTCAMB model flags:
   EFTflag             =  3
   DesignerEFTmodel    =  2
 
   Model               =  Designer minimally coupled quintessence
   Number of params    =  2
 
   EFTwDE              =  2
 
 CPL parametrization: EFTw
   EFTw0               =   -0.900000
   EFTwa               =   -0.100000
 
***************************************************************
 EFTCAMB Return to GR time: 0.0100000000

 EFT functions at RGR time: 
   EFTLambda    =    0.3971E-07
***************************************************************
 EFTCAMB: checking stability of the theory

 EFTCAMB: theory stable
***************************************************************
Reion redshift       =  10.981
Integrated opt depth =  0.0900
Om_b h^2             =  0.022600
Om_c h^2             =  0.112000
Om_nu h^2            =  0.010000
Om_Lambda            =  0.704898
Om_K                 =  0.000000
Om_m (1-Om_K-Om_L)   =  0.295102
100 theta (CosmoMC)  =  1.066601
N_eff (total)        =  3.046000
 1 nu, g= 1.0153 m_nu*c^2/k_B/T_nu0=   5526.76 (m_nu=  0.930 eV)
Reion opt depth      =  0.0900
Age of universe/GYr  =  13.356
zstar                =  1089.27
r_s(zstar)/Mpc       =  145.32
100*theta            =  1.067078
DA(zstar)/Gpc        =  13.61832
zdrag                =  1060.16
r_s(zdrag)/Mpc       =  147.91
k_D(zstar) Mpc       =  0.1408
100*theta_D          =  0.163805
z_EQ (if v_nu=1)     =  3216.47
k_EQ Mpc (if v_nu=1) =  0.009873
100*theta_EQ         =  0.874404
100*theta_rs_EQ      =  0.481817
tau_recomb/Mpc       =  282.56  tau_now/Mpc =  13900.8
tau_recomb/Mpc       =  282.68  tau_now/Mpc =  13900.8
at z =  0.000 sigma8 (all matter) =  0.6318
at z =  0.000 sigma8^2_vd/sigma8  =  0.3223
