***************************************************************
     ______________________   __  ______  
    / __/ __/_  __/ ___/ _ | /  |/  / _ ) 
   / _// _/  / / / /__/ __ |/ /|_/ / _  | 
  /___/_/   /_/  \___/_/ |_/_/  /_/____/   V3.0 Mar19
  
***************************************************************
 
 EFTCAMB feedback level  =  3
 
 EFTCAMB stability flags:
  Mathematical stability =  F
  Physical stability     =  T
  Additional priors      =  T
 
 EFTCAMB model flags:
   EFTflag             =  3
   DesignerEFTmodel    =  2
 
   Model               =  Designer minimally coupled quintessence
   Number of params    =  4
 
   EFTwDE              =  5
 
 Taylor expansion parametrization: EFTw
   EFTw0               =   -0.800000
   EFTwa               =   -0.100000
   EFTw2               =    0.000000
   EFTw3               =    0.100000
 
***************************************************************
 EFTCAMB Return to GR time: 0.0100000000

 EFT functions at RGR time: 
   EFTc         =    0.1374E-06
   EFTLambda    =    0.9905E-06
***************************************************************
 EFTCAMB: checking stability of the theory

 EFTCAMB: theory stable
***************************************************************
Reion redshift       =  11.023
Integrated opt depth =  0.0900
H0                   = 70.000000
Om_b h^2             =  0.022600
Om_c h^2             =  0.112000
Om_nu h^2            =  0.010000
Om_Lambda            =  0.704898
Om_K                 =  0.000000
Om_m (1-Om_K-Om_L)   =  0.295102
100 theta (CosmoMC)  =  1.074338
N_eff (total)        =  3.046000
 1 nu, g= 1.0153 m_nu*c^2/k_B/T_nu0=   5526.76 (m_nu=  0.930 eV)
Reion opt depth      =  0.0900
Age of universe/GYr  =  13.220
zstar                =  1089.27
r_s(zstar)/Mpc       =  145.32
100*theta            =  1.074818
DA(zstar)/Gpc        =  13.52024
zdrag                =  1060.16
r_s(zdrag)/Mpc       =  147.91
k_D(zstar) Mpc       =  0.1408
100*theta_D          =  0.164993
z_EQ (if v_nu=1)     =  3216.47
k_EQ Mpc (if v_nu=1) =  0.009873
100*theta_EQ         =  0.880747
100*theta_rs_EQ      =  0.485312
tau_recomb/Mpc       =  282.63  tau_now/Mpc =  13802.7
tau_recomb/Mpc       =  282.74  tau_now/Mpc =  13802.7
at z =  0.000 sigma8 (all matter) =  0.6168
at z =  0.000 sigma8^2_vd/sigma8  =  0.3140
