***************************************************************
     ______________________   __  ______  
    / __/ __/_  __/ ___/ _ | /  |/  / _ ) 
   / _// _/  / / / /__/ __ |/ /|_/ / _  | 
  /___/_/   /_/  \___/_/ |_/_/  /_/____/   V3.0 Feb17
  
***************************************************************
 
 EFTCAMB feedback level  =  3
 
 EFTCAMB stability flags:
  Mathematical stability =  F
  Physical stability     =  F
  Additional priors      =  F
 
 EFTCAMB model flags:
   EFTflag             =  4
   FullMappingEFTmodel =  1
 
   Model               =  Horava
   Number of params    =  2
   Horava with solar system constraints
 
   Horava_eta          =    0.100000
   Horava_lambda       =    0.100000
 
***************************************************************
 EFTCAMB Return to GR time: 0.0100000000

 EFT functions at RGR time: 
   OmegaV       =    0.5000E-01
   EFTc         =    0.2122E-02
   EFTLambda    =    0.5886E-04
   EFTcdot      =    0.7719E-05
   EFTLambdadot =    0.1906E-06
   EFTGamma3V   =    0.5000E-01
   EFTGamma4V   =    0.5000E-01
   EFTGamma6V   =    0.0000E+00
***************************************************************
 EFTCAMB: checking stability of the theory

 EFTCAMB: theory stable
***************************************************************
Reion redshift       =  10.454
Integrated opt depth =  0.0900
Om_b h^2             =  0.022600
Om_c h^2             =  0.112000
Om_nu h^2            =  0.010000
Om_Lambda            =  0.704898
Om_K                 =  0.000000
Om_m (1-Om_K-Om_L)   =  0.295102
100 theta (CosmoMC)  =  1.074067
N_eff (total)        =  3.046000
 1 nu, g= 1.0153 m_nu*c^2/k_B/T_nu0=   5526.76 (m_nu=  0.930 eV)
Reion opt depth      =  0.0900
Age of universe/GYr  =  14.056
zstar                =  1087.18
r_s(zstar)/Mpc       =  156.03
100*theta            =  1.075928
DA(zstar)/Gpc        =  14.50207
zdrag                =  1058.44
r_s(zdrag)/Mpc       =  158.78
k_D(zstar) Mpc       =  0.1334
100*theta_D          =  0.162384
z_EQ (if v_nu=1)     =  3216.47
k_EQ Mpc (if v_nu=1) =  0.009207
100*theta_EQ         =  0.880551
100*theta_rs_EQ      =  0.485204
tau_recomb/Mpc       =  303.50  tau_now/Mpc =  14805.4
tau_recomb/Mpc       =  303.55  tau_now/Mpc =  14805.4
at z =  0.000 sigma8 (all matter) =  0.7027
at z =  0.000 sigma8^2_vd/sigma8  =  0.3610
