***************************************************************
     ______________________   __  ______  
    / __/ __/_  __/ ___/ _ | /  |/  / _ ) 
   / _// _/  / / / /__/ __ |/ /|_/ / _  | 
  /___/_/   /_/  \___/_/ |_/_/  /_/____/   V3.0 Sept17
  
***************************************************************
 
 EFTCAMB feedback level  =  3
 
 EFTCAMB stability flags:
  Mathematical stability =  F
  Physical stability     =  F
  Additional priors      =  F
 
 EFTCAMB model flags:
   EFTflag             =  4
   FullMappingEFTmodel =  1
 
   Model               =  Horava
   Number of params    =  3
 
   Horava_eta          =    0.021000
   Horava_lambda       =    0.001000
   Horava_xi           =   -0.001000
 
***************************************************************
 EFTCAMB Return to GR time: 0.0100000000

 EFT functions at RGR time: 
   OmegaV       =    0.1062E-01
   EFTc         =    0.6213E-04
   EFTLambda    =    0.7557E-06
   EFTcdot      =    0.2404E-06
   EFTGamma1V   =    0.5698E+03
   EFTGamma1P   =    0.1728E+06
   EFTGamma3V   =    0.2023E-02
   EFTGamma4V   =    0.1012E-02
   EFTGamma6V   =    0.0000E+00
***************************************************************
 EFTCAMB: checking stability of the theory

 EFTCAMB: theory stable
***************************************************************
Reion redshift       =  10.908
Integrated opt depth =  0.0900
H0                   = 70.000000
Om_b h^2             =  0.022600
Om_c h^2             =  0.112000
Om_nu h^2            =  0.010000
Om_Lambda            =  0.704898
Om_K                 =  0.000000
Om_m (1-Om_K-Om_L)   =  0.295102
100 theta (CosmoMC)  =  1.060621
N_eff (total)        =  3.046000
 1 nu, g= 1.0153 m_nu*c^2/k_B/T_nu0=   5526.76 (m_nu=  0.930 eV)
Reion opt depth      =  0.0900
Age of universe/GYr  =  13.573
zstar                =  1089.07
r_s(zstar)/Mpc       =  146.29
100*theta            =  1.061226
DA(zstar)/Gpc        =  13.78482
zdrag                =  1060.01
r_s(zdrag)/Mpc       =  148.89
k_D(zstar) Mpc       =  0.1401
100*theta_D          =  0.162645
z_EQ (if v_nu=1)     =  3216.47
k_EQ Mpc (if v_nu=1) =  0.009809
100*theta_EQ         =  0.869504
100*theta_rs_EQ      =  0.479117
tau_recomb/Mpc       =  284.46  tau_now/Mpc =  14069.2
tau_recomb/Mpc       =  284.55  tau_now/Mpc =  14069.2
at z =  0.000 sigma8 (all matter) =  0.6493
at z =  0.000 sigma8^2_vd/sigma8  =  0.3325
