***************************************************************
     ______________________   __  ______  
    / __/ __/_  __/ ___/ _ | /  |/  / _ ) 
   / _// _/  / / / /__/ __ |/ /|_/ / _  | 
  /___/_/   /_/  \___/_/ |_/_/  /_/____/   V3.0 Sept17
  
***************************************************************
 
 EFTCAMB feedback level  =  3
 
 EFTCAMB stability flags:
  Mathematical stability =  F
  Physical stability     =  F
  Additional priors      =  F
 
 EFTCAMB model flags:
   EFTflag             =  4
   FullMappingEFTmodel =  1
 
   Model               =  Horava
   Number of params    =  2
   Horava with solar system constraints
 
   Horava_eta          =    0.001000
   Horava_lambda       =    0.001000
 
***************************************************************
 EFTCAMB Return to GR time: 0.0100000000

 EFT functions at RGR time: 
   OmegaV       =    0.5000E-03
   EFTc         =    0.2490E-04
   EFTLambda    =    0.3942E-06
   EFTcdot      =    0.9691E-07
   EFTGamma1V   =    0.2284E+03
   EFTGamma1P   =    0.6925E+05
   EFTGamma3V   =    0.5000E-03
   EFTGamma4V   =    0.5000E-03
   EFTGamma6V   =    0.0000E+00
***************************************************************
 EFTCAMB: checking stability of the theory

 EFTCAMB: theory stable
***************************************************************
Reion redshift       =  10.954
Integrated opt depth =  0.0900
H0                   = 70.000000
Om_b h^2             =  0.022600
Om_c h^2             =  0.112000
Om_nu h^2            =  0.010000
Om_Lambda            =  0.704898
Om_K                 =  0.000000
Om_m (1-Om_K-Om_L)   =  0.295102
100 theta (CosmoMC)  =  1.059418
N_eff (total)        =  3.046000
 1 nu, g= 1.0153 m_nu*c^2/k_B/T_nu0=   5526.76 (m_nu=  0.930 eV)
Reion opt depth      =  0.0900
Age of universe/GYr  =  13.530
zstar                =  1089.24
r_s(zstar)/Mpc       =  145.43
100*theta            =  1.059907
DA(zstar)/Gpc        =  13.72093
zdrag                =  1060.16
r_s(zdrag)/Mpc       =  148.02
k_D(zstar) Mpc       =  0.1407
100*theta_D          =  0.162674
z_EQ (if v_nu=1)     =  3216.47
k_EQ Mpc (if v_nu=1) =  0.009866
100*theta_EQ         =  0.868515
100*theta_rs_EQ      =  0.478573
tau_recomb/Mpc       =  282.84  tau_now/Mpc =  14003.6
tau_recomb/Mpc       =  282.97  tau_now/Mpc =  14003.6
at z =  0.000 sigma8 (all matter) =  0.6444
at z =  0.000 sigma8^2_vd/sigma8  =  0.3298
