***************************************************************
     ______________________   __  ______  
    / __/ __/_  __/ ___/ _ | /  |/  / _ ) 
   / _// _/  / / / /__/ __ |/ /|_/ / _  | 
  /___/_/   /_/  \___/_/ |_/_/  /_/____/   V3.0 Sept17
  
***************************************************************
 
 EFTCAMB feedback level  =  3
 
 EFTCAMB stability flags:
  Mathematical stability =  F
  Physical stability     =  F
  Additional priors      =  F
 
 EFTCAMB model flags:
   EFTflag             =  4
   FullMappingEFTmodel =  1
 
   Model               =  Horava
   Number of params    =  3
 
   Horava_eta          =    0.210000
   Horava_lambda       =    0.010000
   Horava_xi           =   -0.010000
 
***************************************************************
 EFTCAMB Return to GR time: 0.0100000000

 EFT functions at RGR time: 
   OmegaV       =    0.1186E+00
   EFTc         =    0.6013E-03
   EFTLambda    =    0.1616E-04
   EFTcdot      =    0.2190E-05
   EFTLambdadot =    0.5390E-07
   EFTGamma1V   =    0.5514E+04
   EFTGamma1P   =    0.1675E+07
   EFTGamma3V   =    0.2260E-01
   EFTGamma4V   =    0.1130E-01
   EFTGamma6V   =    0.0000E+00
***************************************************************
 EFTCAMB: checking stability of the theory

 EFTCAMB: theory stable
***************************************************************
Reion redshift       =  10.466
Integrated opt depth =  0.0900
H0                   = 70.000000
Om_b h^2             =  0.022600
Om_c h^2             =  0.112000
Om_nu h^2            =  0.010000
Om_Lambda            =  0.704898
Om_K                 =  0.000000
Om_m (1-Om_K-Om_L)   =  0.295102
100 theta (CosmoMC)  =  1.073774
N_eff (total)        =  3.046000
 1 nu, g= 1.0153 m_nu*c^2/k_B/T_nu0=   5526.76 (m_nu=  0.930 eV)
Reion opt depth      =  0.0900
Age of universe/GYr  =  14.045
zstar                =  1087.22
r_s(zstar)/Mpc       =  155.82
100*theta            =  1.075608
DA(zstar)/Gpc        =  14.48642
zdrag                =  1058.48
r_s(zdrag)/Mpc       =  158.56
k_D(zstar) Mpc       =  0.1335
100*theta_D          =  0.162387
z_EQ (if v_nu=1)     =  3216.47
k_EQ Mpc (if v_nu=1) =  0.009219
100*theta_EQ         =  0.880311
100*theta_rs_EQ      =  0.485072
tau_recomb/Mpc       =  302.93  tau_now/Mpc =  14789.4
tau_recomb/Mpc       =  302.95  tau_now/Mpc =  14789.4
at z =  0.000 sigma8 (all matter) =  0.7186
at z =  0.000 sigma8^2_vd/sigma8  =  0.3714
