***************************************************************
     ______________________   __  ______  
    / __/ __/_  __/ ___/ _ | /  |/  / _ ) 
   / _// _/  / / / /__/ __ |/ /|_/ / _  | 
  /___/_/   /_/  \___/_/ |_/_/  /_/____/   V3.0 Jan17
  
***************************************************************
 
 EFTCAMB feedback level  =  3
 
 EFTCAMB stability flags:
  Mathematical stability =  F
  Physical stability     =  F
  Additional priors      =  F
 
 EFTCAMB model flags:
   EFTflag             =  4
   FullMappingEFTmodel =  1
 
   Model               =  Horava
   Number of params    =  3
 
   Horava_eta          =    0.000210
   Horava_lambda       =    0.000010
   Horava_xi           =   -0.000010
 
***************************************************************
 EFTCAMB Return to GR time: 0.0100000000

 EFT functions at RGR time: 
   OmegaV       =    0.1050E-03
   EFTc         =    0.6236E-06
   EFTLambda    =    0.1016E-07
   EFTGamma3V   =    0.2000E-04
   EFTGamma4V   =    0.1000E-04
   EFTGamma6V   =    0.0000E+00
***************************************************************
 EFTCAMB: checking stability of the theory

 EFTCAMB: theory stable
***************************************************************
Reion redshift       =  10.958
Integrated opt depth =  0.0900
Om_b h^2             =  0.022600
Om_c h^2             =  0.112000
Om_nu h^2            =  0.010000
Om_Lambda            =  0.704898
Om_K                 =  0.000000
Om_m (1-Om_K-Om_L)   =  0.295102
100 theta (CosmoMC)  =  1.059276
N_eff (total)        =  3.046000
 1 nu, g= 1.0153 m_nu*c^2/k_B/T_nu0=   5526.76 (m_nu=  0.930 eV)
Reion opt depth      =  0.0900
Age of universe/GYr  =  13.525
zstar                =  1089.27
r_s(zstar)/Mpc       =  145.33
100*theta            =  1.059750
DA(zstar)/Gpc        =  13.71338
zdrag                =  1060.16
r_s(zdrag)/Mpc       =  147.92
k_D(zstar) Mpc       =  0.1408
100*theta_D          =  0.162677
z_EQ (if v_nu=1)     =  3216.47
k_EQ Mpc (if v_nu=1) =  0.009873
100*theta_EQ         =  0.868399
100*theta_rs_EQ      =  0.478508
tau_recomb/Mpc       =  282.71  tau_now/Mpc =  13995.9
tau_recomb/Mpc       =  282.81  tau_now/Mpc =  13995.9
at z =  0.000 sigma8 (all matter) =  0.6440
at z =  0.000 sigma8^2_vd/sigma8  =  0.3296
