***************************************************************
     ______________________   __  ______  
    / __/ __/_  __/ ___/ _ | /  |/  / _ ) 
   / _// _/  / / / /__/ __ |/ /|_/ / _  | 
  /___/_/   /_/  \___/_/ |_/_/  /_/____/   V3.0 Mar19
  
***************************************************************
 
 EFTCAMB feedback level  =  3
 
 EFTCAMB stability flags:
  Mathematical stability =  F
  Physical stability     =  T
  Additional priors      =  T
 
 EFTCAMB model flags:
   EFTflag             =  4
   FullMappingEFTmodel =  3
 
   Model               =  K-mouflage
   Number of params    =  5
 
          alphaU       =    1.000000
          gammaU       =    1.000000
          m            =    3.000000
          eps2_0       =   -0.010000
          gammaA       =    0.200000
 
***************************************************************
 EFTCAMB Kmouflage background solver

***************************************************************
 EFTCAMB Return to GR time: 0.0100000000

 EFT functions at RGR time: 
   OmegaV       =    0.9018E-01
   OmegaP       =    0.4160E-05
   EFTc         =    0.2558E-04
   EFTLambda    =    0.1202E-04
   EFTcdot      =    0.6248E-07
   EFTLambdadot =    0.2703E-07
   EFTGamma1V   =    0.6148E+03
   EFTGamma1P   =    0.1234E+06
***************************************************************
 EFTCAMB: checking stability of the theory

 EFTCAMB: theory stable
***************************************************************
Reion redshift       =  10.813
Integrated opt depth =  0.0900
H0                   = 70.000000
Om_b h^2             =  0.022600
Om_c h^2             =  0.112000
Om_nu h^2            =  0.000000
Om_Lambda            =  0.725306
Om_K                 =  0.000000
Om_m (1-Om_K-Om_L)   =  0.274694
100 theta (CosmoMC)  =  1.002693
Reion opt depth      =  0.0900
Age of universe/GYr  =  13.787
zstar                =  1090.22
r_s(zstar)/Mpc       =  139.30
100*theta            =  1.002024
DA(zstar)/Gpc        =  13.90223
zdrag                =  1060.92
r_s(zdrag)/Mpc       =  141.83
k_D(zstar) Mpc       =  0.1446
100*theta_D          =  0.156328
z_EQ (if v_nu=1)     =  3216.47
k_EQ Mpc (if v_nu=1) =  0.010307
100*theta_EQ         =  0.817582
100*theta_rs_EQ      =  0.450485
tau_recomb/Mpc       =  270.98  tau_now/Mpc =  14173.1
tau_recomb/Mpc       =  271.17  tau_now/Mpc =  14173.1
at z =  0.000 sigma8 (all matter) =  0.9553
at z =  0.000 sigma8^2_vd/sigma8  =  0.4753
