***************************************************************
     ______________________   __  ______  
    / __/ __/_  __/ ___/ _ | /  |/  / _ ) 
   / _// _/  / / / /__/ __ |/ /|_/ / _  | 
  /___/_/   /_/  \___/_/ |_/_/  /_/____/   V3.0 Mar19
  
***************************************************************
 
 EFTCAMB feedback level  =  3
 
 EFTCAMB stability flags:
  Mathematical stability =  F
  Ghost stability        =  T
  Gradient stability     =  T
  Mass stability         =  F
  Additional priors      =  T
 
 EFTCAMB model flags:
   EFTflag             =  4
   FullMappingEFTmodel =  3
 
   Model               =  K-mouflage
   Number of params    =  5
 
          alphaU       =    1.000000
          gammaU       =    1.000000
          m            =    3.000000
          eps2_0       =   -0.010000
          gammaA       =    2.000000
 
***************************************************************
 EFTCAMB Kmouflage background solver

***************************************************************
 EFTCAMB Return to GR time: 0.0100000000

 EFT functions at RGR time: 
   OmegaV       =    0.2438E-01
   OmegaP       =    0.2330E-06
   EFTc         =    0.1393E-05
   EFTLambda    =    0.4475E-06
   EFTGamma1V   =    0.4878E+02
   EFTGamma1P   =    0.7569E+04
***************************************************************
 EFTCAMB: checking stability of the theory

 EFTCAMB: theory stable
***************************************************************
Reion redshift       =  10.763
Integrated opt depth =  0.0900
H0                   = 70.000000
Om_b h^2             =  0.022600
Om_c h^2             =  0.112000
Om_nu h^2            =  0.000000
Om_Lambda            =  0.725306
Om_K                 =  0.000000
Om_m (1-Om_K-Om_L)   =  0.274694
100 theta (CosmoMC)  =  1.031737
Reion opt depth      =  0.0900
Age of universe/GYr  =  13.764
zstar                =  1089.09
r_s(zstar)/Mpc       =  144.55
100*theta            =  1.031769
DA(zstar)/Gpc        =  14.01011
zdrag                =  1060.01
r_s(zdrag)/Mpc       =  147.15
k_D(zstar) Mpc       =  0.1406
100*theta_D          =  0.159520
z_EQ (if v_nu=1)     =  3216.47
k_EQ Mpc (if v_nu=1) =  0.009940
100*theta_EQ         =  0.841316
100*theta_rs_EQ      =  0.463563
tau_recomb/Mpc       =  281.30  tau_now/Mpc =  14291.2
tau_recomb/Mpc       =  281.26  tau_now/Mpc =  14291.2
at z =  0.000 sigma8 (all matter) =  0.8247
at z =  0.000 sigma8^2_vd/sigma8  =  0.4072
