***************************************************************
     ______________________   __  ______  
    / __/ __/_  __/ ___/ _ | /  |/  / _ ) 
   / _// _/  / / / /__/ __ |/ /|_/ / _  | 
  /___/_/   /_/  \___/_/ |_/_/  /_/____/   V3.0 Mar19
  
***************************************************************
 
 EFTCAMB feedback level  =  3
 
 EFTCAMB stability flags:
  Mathematical stability =  F
  Ghost stability        =  T
  Gradient stability     =  T
  Mass stability         =  F
  Additional priors      =  T
 
 EFTCAMB model flags:
   EFTflag             =  4
   FullMappingEFTmodel =  3
 
   Model               =  K-mouflage
   Number of params    =  5
 
          alphaU       =    1.000000
          gammaU       =    1.000000
          m            =    3.000000
          eps2_0       =   -0.050000
          gammaA       =    0.200000
 
***************************************************************
 EFTCAMB Kmouflage background solver

***************************************************************
 EFTCAMB Return to GR time: 0.0100000000

 EFT functions at RGR time: 
   OmegaV       =    0.3517E+00
   OmegaP       =    0.1476E-04
   EFTc         =    0.1049E-03
   EFTLambda    =    0.5225E-04
   EFTcdot      =    0.3063E-06
   EFTLambdadot =    0.1384E-06
   EFTGamma1V   =    0.2328E+04
   EFTGamma1P   =    0.4908E+06
***************************************************************
 EFTCAMB: checking stability of the theory

 EFTCAMB: theory stable
***************************************************************
Reion redshift       =  11.286
Integrated opt depth =  0.0900
H0                   = 70.000000
Om_b h^2             =  0.022600
Om_c h^2             =  0.112000
Om_nu h^2            =  0.000000
Om_Lambda            =  0.725306
Om_K                 =  0.000000
Om_m (1-Om_K-Om_L)   =  0.274694
100 theta (CosmoMC)  =  0.885443
Reion opt depth      =  0.0900
Age of universe/GYr  =  13.760
zstar                =  1096.15
r_s(zstar)/Mpc       =  116.62
100*theta            =  0.881620
DA(zstar)/Gpc        =  13.22819
zdrag                =  1065.79
r_s(zdrag)/Mpc       =  118.80
k_D(zstar) Mpc       =  0.1651
100*theta_D          =  0.143854
z_EQ (if v_nu=1)     =  3216.47
k_EQ Mpc (if v_nu=1) =  0.012268
100*theta_EQ         =  0.721815
100*theta_rs_EQ      =  0.397717
tau_recomb/Mpc       =  227.05  tau_now/Mpc =  13454.9
tau_recomb/Mpc       =  227.05  tau_now/Mpc =  13454.9
at z =  0.000 sigma8 (all matter) =  1.8994
at z =  0.000 sigma8^2_vd/sigma8  =  1.0184
