***************************************************************
     ______________________   __  ______  
    / __/ __/_  __/ ___/ _ | /  |/  / _ ) 
   / _// _/  / / / /__/ __ |/ /|_/ / _  | 
  /___/_/   /_/  \___/_/ |_/_/  /_/____/   V3.0 Mar19
  
***************************************************************
 
 EFTCAMB feedback level  =  3
 
 EFTCAMB stability flags:
  Mathematical stability =  F
  Ghost stability        =  T
  Gradient stability     =  T
  Mass stability         =  F
  Additional priors      =  T
 
 EFTCAMB model flags:
   EFTflag             =  4
   FullMappingEFTmodel =  4
 
   Model               =  Quintessence
   Number of params    =  3
 
   potential_model     =  9
 
 
Axion parametrization: V
   V0                  =    1.000000
   m                   =    1.000000
   n                   =    3.000000
 
***************************************************************
 EFTCAMB Quintessence background solver

***************************************************************
EFTCAMB parameters cache content:
***************************************************************
 Omega_CDM  :  0.228571E+00
 Omega_b    :  0.461224E-01
 Omega_v    :  0.704898E+00
 Omega_k    :  0.000000E+00
 Omega_n    :  0.204082E-01
 Omega_g    :  0.504653E-04
 Omega_r    :  0.232736E-04
 h          :    70.000000
 h_Mpc      :  0.233495E-03
 grhog      :  0.825409E-11
 grnonomass :  0.380661E-11
 grhoc      :  0.373850E-07
 grhob      :  0.754377E-08
 grhov      :  0.115293E-06
 grhok      :  0.000000E+00
 Num_Nu_Massive      :         1
 Nu_mass_eigenstates :         1
 grhormass(  1)      :  0.190331E-11
 nu_masses(  1)      :  0.552676E+04
***************************************************************
 H0 given:   70.0000000000000     
 H0 found:   69.9999999986248     
   initial condition phi_ini  =    0.2352E+01
***************************************************************
 EFTCAMB Return to GR time: 0.0000000100

 EFT functions at RGR time: 
   EFTLambda    =    0.4552E-06
***************************************************************
 EFTCAMB: checking stability of the theory

 EFTCAMB: theory stable
***************************************************************
Reion redshift       =  11.221
Integrated opt depth =  0.0900
H0                   = 70.000000
Om_b h^2             =  0.022600
Om_c h^2             =  0.112000
Om_nu h^2            =  0.010000
Om_Lambda            =  0.704898
Om_K                 =  0.000000
Om_m (1-Om_K-Om_L)   =  0.295102
100 theta (CosmoMC)  =  1.153444
N_eff (total)        =  3.046000
 1 nu, g= 1.0153 m_nu*c^2/k_B/T_nu0=   5526.76 (m_nu=  0.930 eV)
Reion opt depth      =  0.0900
Age of universe/GYr  =  11.569
zstar                =  1089.27
r_s(zstar)/Mpc       =  145.32
100*theta            =  1.153962
DA(zstar)/Gpc        =  12.59296
zdrag                =  1060.16
r_s(zdrag)/Mpc       =  147.91
k_D(zstar) Mpc       =  0.1408
100*theta_D          =  0.177142
z_EQ (if v_nu=1)     =  3216.47
k_EQ Mpc (if v_nu=1) =  0.009873
100*theta_EQ         =  0.945601
100*theta_rs_EQ      =  0.521048
tau_recomb/Mpc       =  282.71  tau_now/Mpc =  12875.4
tau_recomb/Mpc       =  282.63  tau_now/Mpc =  12875.4
at z =  0.000 sigma8 (all matter) =  0.5131
at z =  0.000 sigma8^2_vd/sigma8  =  0.2518
